[0.126s] DEBUG:colcon:Command line arguments: ['/usr/bin/colcon', 'build', '--symlink-install']
[0.126s] DEBUG:colcon:Parsed command line arguments: Namespace(log_base=None, log_level=None, verb_name='build', build_base='build', install_base='install', merge_install=False, symlink_install=True, test_result_base=None, continue_on_error=False, executor='parallel', parallel_workers=6, event_handlers=None, ignore_user_meta=False, metas=['./colcon.meta'], base_paths=['.'], packages_ignore=None, packages_ignore_regex=None, paths=None, packages_up_to=None, packages_up_to_regex=None, packages_above=None, packages_above_and_dependencies=None, packages_above_depth=None, packages_select_by_dep=None, packages_skip_by_dep=None, packages_skip_up_to=None, packages_select_build_failed=False, packages_skip_build_finished=False, packages_select_test_failures=False, packages_skip_test_passed=False, packages_select=None, packages_skip=None, packages_select_regex=None, packages_skip_regex=None, packages_start=None, packages_end=None, allow_overriding=[], cmake_args=None, cmake_target=None, cmake_target_skip_unavailable=False, cmake_clean_cache=False, cmake_clean_first=False, cmake_force_configure=False, ament_cmake_args=None, catkin_cmake_args=None, catkin_skip_building_tests=False, mixin_files=None, mixin=None, verb_parser=<colcon_mixin.mixin.mixin_argument.MixinArgumentDecorator object at 0x7ff2084ee830>, verb_extension=<colcon_core.verb.build.BuildVerb object at 0x7ff2085f6dd0>, main=<bound method BuildVerb.main of <colcon_core.verb.build.BuildVerb object at 0x7ff2085f6dd0>>, mixin_verb=('build',))
[0.291s] Level 1:colcon.colcon_core.package_discovery:discover_packages(colcon_meta) check parameters
[0.291s] Level 1:colcon.colcon_core.package_discovery:discover_packages(recursive) check parameters
[0.291s] Level 1:colcon.colcon_core.package_discovery:discover_packages(ignore) check parameters
[0.291s] Level 1:colcon.colcon_core.package_discovery:discover_packages(path) check parameters
[0.291s] Level 1:colcon.colcon_core.package_discovery:discover_packages(colcon_meta) discover
[0.291s] Level 1:colcon.colcon_core.package_discovery:discover_packages(recursive) discover
[0.291s] INFO:colcon.colcon_core.package_discovery:Crawling recursively for packages in '/root/ur_rtde'
[0.291s] Level 1:colcon.colcon_core.package_identification:_identify(.) by extensions ['ignore', 'ignore_ament_install']
[0.291s] Level 1:colcon.colcon_core.package_identification:_identify(.) by extension 'ignore'
[0.291s] Level 1:colcon.colcon_core.package_identification:_identify(.) by extension 'ignore_ament_install'
[0.291s] Level 1:colcon.colcon_core.package_identification:_identify(.) by extensions ['colcon_pkg']
[0.291s] Level 1:colcon.colcon_core.package_identification:_identify(.) by extension 'colcon_pkg'
[0.291s] Level 1:colcon.colcon_core.package_identification:_identify(.) by extensions ['colcon_meta']
[0.291s] Level 1:colcon.colcon_core.package_identification:_identify(.) by extension 'colcon_meta'
[0.291s] Level 1:colcon.colcon_core.package_identification:_identify(.) by extensions ['ros']
[0.291s] Level 1:colcon.colcon_core.package_identification:_identify(.) by extension 'ros'
[0.302s] Level 1:colcon.colcon_core.package_identification:_identify(.) by extensions ['cmake', 'python']
[0.302s] Level 1:colcon.colcon_core.package_identification:_identify(.) by extension 'cmake'
[0.302s] Level 1:colcon.colcon_core.package_identification:_identify(.) by extension 'python'
[0.302s] Level 1:colcon.colcon_core.package_identification:_identify(.) by extensions ['python_setup_py']
[0.302s] Level 1:colcon.colcon_core.package_identification:_identify(.) by extension 'python_setup_py'
[0.302s] Level 1:colcon.colcon_core.package_identification:_identify(build) by extensions ['ignore', 'ignore_ament_install']
[0.302s] Level 1:colcon.colcon_core.package_identification:_identify(build) by extension 'ignore'
[0.302s] Level 1:colcon.colcon_core.package_identification:_identify(build) ignored
[0.302s] Level 1:colcon.colcon_core.package_identification:_identify(install) by extensions ['ignore', 'ignore_ament_install']
[0.303s] Level 1:colcon.colcon_core.package_identification:_identify(install) by extension 'ignore'
[0.303s] Level 1:colcon.colcon_core.package_identification:_identify(install) ignored
[0.303s] Level 1:colcon.colcon_core.package_identification:_identify(log) by extensions ['ignore', 'ignore_ament_install']
[0.303s] Level 1:colcon.colcon_core.package_identification:_identify(log) by extension 'ignore'
[0.303s] Level 1:colcon.colcon_core.package_identification:_identify(log) ignored
[0.303s] Level 1:colcon.colcon_core.package_identification:_identify(src) by extensions ['ignore', 'ignore_ament_install']
[0.303s] Level 1:colcon.colcon_core.package_identification:_identify(src) by extension 'ignore'
[0.303s] Level 1:colcon.colcon_core.package_identification:_identify(src) by extension 'ignore_ament_install'
[0.303s] Level 1:colcon.colcon_core.package_identification:_identify(src) by extensions ['colcon_pkg']
[0.303s] Level 1:colcon.colcon_core.package_identification:_identify(src) by extension 'colcon_pkg'
[0.303s] Level 1:colcon.colcon_core.package_identification:_identify(src) by extensions ['colcon_meta']
[0.303s] Level 1:colcon.colcon_core.package_identification:_identify(src) by extension 'colcon_meta'
[0.303s] Level 1:colcon.colcon_core.package_identification:_identify(src) by extensions ['ros']
[0.303s] Level 1:colcon.colcon_core.package_identification:_identify(src) by extension 'ros'
[0.303s] Level 1:colcon.colcon_core.package_identification:_identify(src) by extensions ['cmake', 'python']
[0.303s] Level 1:colcon.colcon_core.package_identification:_identify(src) by extension 'cmake'
[0.303s] Level 1:colcon.colcon_core.package_identification:_identify(src) by extension 'python'
[0.303s] Level 1:colcon.colcon_core.package_identification:_identify(src) by extensions ['python_setup_py']
[0.303s] Level 1:colcon.colcon_core.package_identification:_identify(src) by extension 'python_setup_py'
[0.304s] Level 1:colcon.colcon_core.package_identification:_identify(src/rtde_interfaces) by extensions ['ignore', 'ignore_ament_install']
[0.304s] Level 1:colcon.colcon_core.package_identification:_identify(src/rtde_interfaces) by extension 'ignore'
[0.304s] Level 1:colcon.colcon_core.package_identification:_identify(src/rtde_interfaces) by extension 'ignore_ament_install'
[0.304s] Level 1:colcon.colcon_core.package_identification:_identify(src/rtde_interfaces) by extensions ['colcon_pkg']
[0.304s] Level 1:colcon.colcon_core.package_identification:_identify(src/rtde_interfaces) by extension 'colcon_pkg'
[0.304s] Level 1:colcon.colcon_core.package_identification:_identify(src/rtde_interfaces) by extensions ['colcon_meta']
[0.304s] Level 1:colcon.colcon_core.package_identification:_identify(src/rtde_interfaces) by extension 'colcon_meta'
[0.304s] Level 1:colcon.colcon_core.package_identification:_identify(src/rtde_interfaces) by extensions ['ros']
[0.304s] Level 1:colcon.colcon_core.package_identification:_identify(src/rtde_interfaces) by extension 'ros'
[0.306s] DEBUG:colcon.colcon_core.package_identification:Package 'src/rtde_interfaces' with type 'ros.ament_cmake' and name 'rtde_interfaces'
[0.306s] Level 1:colcon.colcon_core.package_identification:_identify(src/ur_rtde_receiver) by extensions ['ignore', 'ignore_ament_install']
[0.306s] Level 1:colcon.colcon_core.package_identification:_identify(src/ur_rtde_receiver) by extension 'ignore'
[0.307s] Level 1:colcon.colcon_core.package_identification:_identify(src/ur_rtde_receiver) by extension 'ignore_ament_install'
[0.307s] Level 1:colcon.colcon_core.package_identification:_identify(src/ur_rtde_receiver) by extensions ['colcon_pkg']
[0.307s] Level 1:colcon.colcon_core.package_identification:_identify(src/ur_rtde_receiver) by extension 'colcon_pkg'
[0.307s] Level 1:colcon.colcon_core.package_identification:_identify(src/ur_rtde_receiver) by extensions ['colcon_meta']
[0.307s] Level 1:colcon.colcon_core.package_identification:_identify(src/ur_rtde_receiver) by extension 'colcon_meta'
[0.307s] Level 1:colcon.colcon_core.package_identification:_identify(src/ur_rtde_receiver) by extensions ['ros']
[0.307s] Level 1:colcon.colcon_core.package_identification:_identify(src/ur_rtde_receiver) by extension 'ros'
[0.307s] DEBUG:colcon.colcon_core.package_identification:Package 'src/ur_rtde_receiver' with type 'ros.ament_python' and name 'ur_rtde_receiver'
[0.307s] Level 1:colcon.colcon_core.package_discovery:discover_packages(recursive) using defaults
[0.307s] Level 1:colcon.colcon_core.package_discovery:discover_packages(ignore) discover
[0.307s] Level 1:colcon.colcon_core.package_discovery:discover_packages(ignore) using defaults
[0.307s] Level 1:colcon.colcon_core.package_discovery:discover_packages(path) discover
[0.307s] Level 1:colcon.colcon_core.package_discovery:discover_packages(path) using defaults
[0.326s] Level 1:colcon.colcon_core.package_discovery:discover_packages(prefix_path) check parameters
[0.326s] Level 1:colcon.colcon_core.package_discovery:discover_packages(prefix_path) discover
[0.329s] DEBUG:colcon.colcon_installed_package_information.package_discovery:Found 356 installed packages in /opt/ros/humble
[0.330s] Level 1:colcon.colcon_core.package_discovery:discover_packages(prefix_path) using defaults
[0.387s] Level 5:colcon.colcon_core.verb:set package 'rtde_interfaces' build argument 'cmake_args' from command line to 'None'
[0.387s] Level 5:colcon.colcon_core.verb:set package 'rtde_interfaces' build argument 'cmake_target' from command line to 'None'
[0.387s] Level 5:colcon.colcon_core.verb:set package 'rtde_interfaces' build argument 'cmake_target_skip_unavailable' from command line to 'False'
[0.387s] Level 5:colcon.colcon_core.verb:set package 'rtde_interfaces' build argument 'cmake_clean_cache' from command line to 'False'
[0.387s] Level 5:colcon.colcon_core.verb:set package 'rtde_interfaces' build argument 'cmake_clean_first' from command line to 'False'
[0.387s] Level 5:colcon.colcon_core.verb:set package 'rtde_interfaces' build argument 'cmake_force_configure' from command line to 'False'
[0.387s] Level 5:colcon.colcon_core.verb:set package 'rtde_interfaces' build argument 'ament_cmake_args' from command line to 'None'
[0.387s] Level 5:colcon.colcon_core.verb:set package 'rtde_interfaces' build argument 'catkin_cmake_args' from command line to 'None'
[0.387s] Level 5:colcon.colcon_core.verb:set package 'rtde_interfaces' build argument 'catkin_skip_building_tests' from command line to 'False'
[0.387s] DEBUG:colcon.colcon_core.verb:Building package 'rtde_interfaces' with the following arguments: {'ament_cmake_args': None, 'build_base': '/root/ur_rtde/build/rtde_interfaces', 'catkin_cmake_args': None, 'catkin_skip_building_tests': False, 'cmake_args': None, 'cmake_clean_cache': False, 'cmake_clean_first': False, 'cmake_force_configure': False, 'cmake_target': None, 'cmake_target_skip_unavailable': False, 'install_base': '/root/ur_rtde/install/rtde_interfaces', 'merge_install': False, 'path': '/root/ur_rtde/src/rtde_interfaces', 'symlink_install': True, 'test_result_base': None}
[0.387s] Level 5:colcon.colcon_core.verb:set package 'ur_rtde_receiver' build argument 'cmake_args' from command line to 'None'
[0.388s] Level 5:colcon.colcon_core.verb:set package 'ur_rtde_receiver' build argument 'cmake_target' from command line to 'None'
[0.388s] Level 5:colcon.colcon_core.verb:set package 'ur_rtde_receiver' build argument 'cmake_target_skip_unavailable' from command line to 'False'
[0.388s] Level 5:colcon.colcon_core.verb:set package 'ur_rtde_receiver' build argument 'cmake_clean_cache' from command line to 'False'
[0.388s] Level 5:colcon.colcon_core.verb:set package 'ur_rtde_receiver' build argument 'cmake_clean_first' from command line to 'False'
[0.388s] Level 5:colcon.colcon_core.verb:set package 'ur_rtde_receiver' build argument 'cmake_force_configure' from command line to 'False'
[0.388s] Level 5:colcon.colcon_core.verb:set package 'ur_rtde_receiver' build argument 'ament_cmake_args' from command line to 'None'
[0.388s] Level 5:colcon.colcon_core.verb:set package 'ur_rtde_receiver' build argument 'catkin_cmake_args' from command line to 'None'
[0.388s] Level 5:colcon.colcon_core.verb:set package 'ur_rtde_receiver' build argument 'catkin_skip_building_tests' from command line to 'False'
[0.388s] DEBUG:colcon.colcon_core.verb:Building package 'ur_rtde_receiver' with the following arguments: {'ament_cmake_args': None, 'build_base': '/root/ur_rtde/build/ur_rtde_receiver', 'catkin_cmake_args': None, 'catkin_skip_building_tests': False, 'cmake_args': None, 'cmake_clean_cache': False, 'cmake_clean_first': False, 'cmake_force_configure': False, 'cmake_target': None, 'cmake_target_skip_unavailable': False, 'install_base': '/root/ur_rtde/install/ur_rtde_receiver', 'merge_install': False, 'path': '/root/ur_rtde/src/ur_rtde_receiver', 'symlink_install': True, 'test_result_base': None}
[0.388s] INFO:colcon.colcon_core.executor:Executing jobs using 'parallel' executor
[0.389s] DEBUG:colcon.colcon_parallel_executor.executor.parallel:run_until_complete
[0.389s] INFO:colcon.colcon_ros.task.ament_cmake.build:Building ROS package in '/root/ur_rtde/src/rtde_interfaces' with build type 'ament_cmake'
[0.389s] INFO:colcon.colcon_cmake.task.cmake.build:Building CMake package in '/root/ur_rtde/src/rtde_interfaces'
[0.391s] INFO:colcon.colcon_core.plugin_system:Skipping extension 'colcon_core.shell.bat': Not used on non-Windows systems
[0.391s] INFO:colcon.colcon_core.shell:Skip shell extension 'powershell' for command environment: Not usable outside of PowerShell
[0.391s] DEBUG:colcon.colcon_core.shell:Skip shell extension 'dsv' for command environment
[0.400s] DEBUG:colcon.colcon_core.event_handler.log_command:Invoking command in '/root/ur_rtde/build/rtde_interfaces': CMAKE_PREFIX_PATH=/opt/ros/humble /usr/bin/cmake /root/ur_rtde/src/rtde_interfaces -DAMENT_CMAKE_SYMLINK_INSTALL=1 -DCMAKE_INSTALL_PREFIX=/root/ur_rtde/install/rtde_interfaces
[2.001s] DEBUG:colcon.colcon_core.event_handler.log_command:Invoked command in '/root/ur_rtde/build/rtde_interfaces' returned '0': CMAKE_PREFIX_PATH=/opt/ros/humble /usr/bin/cmake /root/ur_rtde/src/rtde_interfaces -DAMENT_CMAKE_SYMLINK_INSTALL=1 -DCMAKE_INSTALL_PREFIX=/root/ur_rtde/install/rtde_interfaces
[2.004s] DEBUG:colcon.colcon_core.event_handler.log_command:Invoking command in '/root/ur_rtde/build/rtde_interfaces': CMAKE_PREFIX_PATH=/opt/ros/humble /usr/bin/cmake --build /root/ur_rtde/build/rtde_interfaces -- -j6 -l6
[4.788s] DEBUG:colcon.colcon_core.event_handler.log_command:Invoked command in '/root/ur_rtde/build/rtde_interfaces' returned '0': CMAKE_PREFIX_PATH=/opt/ros/humble /usr/bin/cmake --build /root/ur_rtde/build/rtde_interfaces -- -j6 -l6
[4.856s] DEBUG:colcon.colcon_core.event_handler.log_command:Invoking command in '/root/ur_rtde/build/rtde_interfaces': CMAKE_PREFIX_PATH=/opt/ros/humble /usr/bin/cmake --install /root/ur_rtde/build/rtde_interfaces
[5.426s] Level 1:colcon.colcon_core.environment:create_environment_scripts_only(rtde_interfaces)
[5.429s] Level 1:colcon.colcon_core.environment:checking '/root/ur_rtde/install/rtde_interfaces' for CMake module files
[5.431s] Level 1:colcon.colcon_core.environment:checking '/root/ur_rtde/install/rtde_interfaces' for CMake config files
[5.431s] Level 1:colcon.colcon_core.shell:create_environment_hook('rtde_interfaces', 'cmake_prefix_path')
[5.432s] INFO:colcon.colcon_core.shell:Creating environment hook '/root/ur_rtde/install/rtde_interfaces/share/rtde_interfaces/hook/cmake_prefix_path.ps1'
[5.432s] INFO:colcon.colcon_core.shell:Creating environment descriptor '/root/ur_rtde/install/rtde_interfaces/share/rtde_interfaces/hook/cmake_prefix_path.dsv'
[5.433s] INFO:colcon.colcon_core.shell:Creating environment hook '/root/ur_rtde/install/rtde_interfaces/share/rtde_interfaces/hook/cmake_prefix_path.sh'
[5.435s] Level 1:colcon.colcon_core.environment:checking '/root/ur_rtde/install/rtde_interfaces/lib'
[5.435s] Level 1:colcon.colcon_core.shell:create_environment_hook('rtde_interfaces', 'ld_library_path_lib')
[5.436s] INFO:colcon.colcon_core.shell:Creating environment hook '/root/ur_rtde/install/rtde_interfaces/share/rtde_interfaces/hook/ld_library_path_lib.ps1'
[5.436s] INFO:colcon.colcon_core.shell:Creating environment descriptor '/root/ur_rtde/install/rtde_interfaces/share/rtde_interfaces/hook/ld_library_path_lib.dsv'
[5.436s] INFO:colcon.colcon_core.shell:Creating environment hook '/root/ur_rtde/install/rtde_interfaces/share/rtde_interfaces/hook/ld_library_path_lib.sh'
[5.437s] Level 1:colcon.colcon_core.environment:checking '/root/ur_rtde/install/rtde_interfaces/bin'
[5.437s] Level 1:colcon.colcon_core.environment:checking '/root/ur_rtde/install/rtde_interfaces/lib/pkgconfig/rtde_interfaces.pc'
[5.437s] Level 1:colcon.colcon_core.environment:checking '/root/ur_rtde/install/rtde_interfaces/lib/python3.10/site-packages'
[5.437s] Level 1:colcon.colcon_core.environment:checking '/root/ur_rtde/install/rtde_interfaces/bin'
[5.438s] INFO:colcon.colcon_core.shell:Creating package script '/root/ur_rtde/install/rtde_interfaces/share/rtde_interfaces/package.ps1'
[5.438s] INFO:colcon.colcon_core.shell:Creating package descriptor '/root/ur_rtde/install/rtde_interfaces/share/rtde_interfaces/package.dsv'
[5.439s] INFO:colcon.colcon_core.shell:Creating package script '/root/ur_rtde/install/rtde_interfaces/share/rtde_interfaces/package.sh'
[5.439s] INFO:colcon.colcon_core.shell:Creating package script '/root/ur_rtde/install/rtde_interfaces/share/rtde_interfaces/package.bash'
[5.440s] INFO:colcon.colcon_core.shell:Creating package script '/root/ur_rtde/install/rtde_interfaces/share/rtde_interfaces/package.zsh'
[5.441s] Level 1:colcon.colcon_core.environment:create_file_with_runtime_dependencies(/root/ur_rtde/install/rtde_interfaces/share/colcon-core/packages/rtde_interfaces)
[5.442s] DEBUG:colcon.colcon_core.event_handler.log_command:Invoked command in '/root/ur_rtde/build/rtde_interfaces' returned '0': CMAKE_PREFIX_PATH=/opt/ros/humble /usr/bin/cmake --install /root/ur_rtde/build/rtde_interfaces
[5.497s] Level 1:colcon.colcon_core.environment:create_environment_scripts_only(rtde_interfaces)
[5.498s] Level 1:colcon.colcon_core.environment:checking '/root/ur_rtde/install/rtde_interfaces' for CMake module files
[5.498s] Level 1:colcon.colcon_core.environment:checking '/root/ur_rtde/install/rtde_interfaces' for CMake config files
[5.499s] Level 1:colcon.colcon_core.shell:create_environment_hook('rtde_interfaces', 'cmake_prefix_path')
[5.499s] INFO:colcon.colcon_core.shell:Creating environment hook '/root/ur_rtde/install/rtde_interfaces/share/rtde_interfaces/hook/cmake_prefix_path.ps1'
[5.500s] INFO:colcon.colcon_core.shell:Creating environment descriptor '/root/ur_rtde/install/rtde_interfaces/share/rtde_interfaces/hook/cmake_prefix_path.dsv'
[5.500s] INFO:colcon.colcon_core.shell:Creating environment hook '/root/ur_rtde/install/rtde_interfaces/share/rtde_interfaces/hook/cmake_prefix_path.sh'
[5.500s] Level 1:colcon.colcon_core.environment:checking '/root/ur_rtde/install/rtde_interfaces/lib'
[5.501s] Level 1:colcon.colcon_core.shell:create_environment_hook('rtde_interfaces', 'ld_library_path_lib')
[5.501s] INFO:colcon.colcon_core.shell:Creating environment hook '/root/ur_rtde/install/rtde_interfaces/share/rtde_interfaces/hook/ld_library_path_lib.ps1'
[5.501s] INFO:colcon.colcon_core.shell:Creating environment descriptor '/root/ur_rtde/install/rtde_interfaces/share/rtde_interfaces/hook/ld_library_path_lib.dsv'
[5.502s] INFO:colcon.colcon_core.shell:Creating environment hook '/root/ur_rtde/install/rtde_interfaces/share/rtde_interfaces/hook/ld_library_path_lib.sh'
[5.502s] Level 1:colcon.colcon_core.environment:checking '/root/ur_rtde/install/rtde_interfaces/bin'
[5.502s] Level 1:colcon.colcon_core.environment:checking '/root/ur_rtde/install/rtde_interfaces/lib/pkgconfig/rtde_interfaces.pc'
[5.502s] Level 1:colcon.colcon_core.environment:checking '/root/ur_rtde/install/rtde_interfaces/lib/python3.10/site-packages'
[5.502s] Level 1:colcon.colcon_core.environment:checking '/root/ur_rtde/install/rtde_interfaces/bin'
[5.503s] INFO:colcon.colcon_core.shell:Creating package script '/root/ur_rtde/install/rtde_interfaces/share/rtde_interfaces/package.ps1'
[5.504s] INFO:colcon.colcon_core.shell:Creating package descriptor '/root/ur_rtde/install/rtde_interfaces/share/rtde_interfaces/package.dsv'
[5.515s] INFO:colcon.colcon_core.shell:Creating package script '/root/ur_rtde/install/rtde_interfaces/share/rtde_interfaces/package.sh'
[5.516s] INFO:colcon.colcon_core.shell:Creating package script '/root/ur_rtde/install/rtde_interfaces/share/rtde_interfaces/package.bash'
[5.517s] INFO:colcon.colcon_core.shell:Creating package script '/root/ur_rtde/install/rtde_interfaces/share/rtde_interfaces/package.zsh'
[5.517s] Level 1:colcon.colcon_core.environment:create_file_with_runtime_dependencies(/root/ur_rtde/install/rtde_interfaces/share/colcon-core/packages/rtde_interfaces)
[5.518s] INFO:colcon.colcon_ros.task.ament_python.build:Building ROS package in '/root/ur_rtde/src/ur_rtde_receiver' with build type 'ament_python'
[5.518s] Level 1:colcon.colcon_core.shell:create_environment_hook('ur_rtde_receiver', 'ament_prefix_path')
[5.519s] INFO:colcon.colcon_core.shell:Creating environment hook '/root/ur_rtde/install/ur_rtde_receiver/share/ur_rtde_receiver/hook/ament_prefix_path.ps1'
[5.521s] INFO:colcon.colcon_core.shell:Creating environment descriptor '/root/ur_rtde/install/ur_rtde_receiver/share/ur_rtde_receiver/hook/ament_prefix_path.dsv'
[5.521s] INFO:colcon.colcon_core.shell:Creating environment hook '/root/ur_rtde/install/ur_rtde_receiver/share/ur_rtde_receiver/hook/ament_prefix_path.sh'
[5.522s] INFO:colcon.colcon_core.shell:Skip shell extension 'powershell' for command environment: Not usable outside of PowerShell
[5.522s] DEBUG:colcon.colcon_core.shell:Skip shell extension 'dsv' for command environment
[5.964s] INFO:colcon.colcon_core.task.python.build:Building Python package in '/root/ur_rtde/src/ur_rtde_receiver'
[5.965s] INFO:colcon.colcon_core.shell:Skip shell extension 'powershell' for command environment: Not usable outside of PowerShell
[5.965s] DEBUG:colcon.colcon_core.shell:Skip shell extension 'dsv' for command environment
[6.418s] DEBUG:colcon.colcon_core.event_handler.log_command:Invoking command in '/root/ur_rtde/build/ur_rtde_receiver': AMENT_PREFIX_PATH=/root/ur_rtde/install/rtde_interfaces:${AMENT_PREFIX_PATH} CMAKE_PREFIX_PATH=/root/ur_rtde/install/rtde_interfaces LD_LIBRARY_PATH=/root/ur_rtde/install/rtde_interfaces/lib:${LD_LIBRARY_PATH} PYTHONPATH=/root/ur_rtde/build/ur_rtde_receiver/prefix_override:/usr/lib/python3/dist-packages/colcon_core/task/python/colcon_distutils_commands:/root/ur_rtde/install/ur_rtde_receiver/lib/python3.10/site-packages:/root/ur_rtde/install/rtde_interfaces/local/lib/python3.10/dist-packages:${PYTHONPATH} /usr/bin/python3 -W ignore:setup.py install is deprecated setup.py develop --editable --build-directory /root/ur_rtde/build/ur_rtde_receiver/build --no-deps symlink_data
[6.995s] Level 1:colcon.colcon_core.shell:create_environment_hook('ur_rtde_receiver', 'pythonpath_develop')
[6.995s] INFO:colcon.colcon_core.shell:Creating environment hook '/root/ur_rtde/build/ur_rtde_receiver/share/ur_rtde_receiver/hook/pythonpath_develop.ps1'
[6.996s] DEBUG:colcon.colcon_core.event_handler.log_command:Invoked command in '/root/ur_rtde/build/ur_rtde_receiver' returned '0': AMENT_PREFIX_PATH=/root/ur_rtde/install/rtde_interfaces:${AMENT_PREFIX_PATH} CMAKE_PREFIX_PATH=/root/ur_rtde/install/rtde_interfaces LD_LIBRARY_PATH=/root/ur_rtde/install/rtde_interfaces/lib:${LD_LIBRARY_PATH} PYTHONPATH=/root/ur_rtde/build/ur_rtde_receiver/prefix_override:/usr/lib/python3/dist-packages/colcon_core/task/python/colcon_distutils_commands:/root/ur_rtde/install/ur_rtde_receiver/lib/python3.10/site-packages:/root/ur_rtde/install/rtde_interfaces/local/lib/python3.10/dist-packages:${PYTHONPATH} /usr/bin/python3 -W ignore:setup.py install is deprecated setup.py develop --editable --build-directory /root/ur_rtde/build/ur_rtde_receiver/build --no-deps symlink_data
[6.997s] INFO:colcon.colcon_core.shell:Creating environment descriptor '/root/ur_rtde/build/ur_rtde_receiver/share/ur_rtde_receiver/hook/pythonpath_develop.dsv'
[6.998s] INFO:colcon.colcon_core.shell:Creating environment hook '/root/ur_rtde/build/ur_rtde_receiver/share/ur_rtde_receiver/hook/pythonpath_develop.sh'
[6.998s] Level 1:colcon.colcon_core.environment:checking '/root/ur_rtde/install/ur_rtde_receiver' for CMake module files
[6.999s] Level 1:colcon.colcon_core.environment:checking '/root/ur_rtde/install/ur_rtde_receiver' for CMake config files
[6.999s] Level 1:colcon.colcon_core.environment:checking '/root/ur_rtde/install/ur_rtde_receiver/lib'
[6.999s] Level 1:colcon.colcon_core.environment:checking '/root/ur_rtde/install/ur_rtde_receiver/bin'
[6.999s] Level 1:colcon.colcon_core.environment:checking '/root/ur_rtde/install/ur_rtde_receiver/lib/pkgconfig/ur_rtde_receiver.pc'
[6.999s] Level 1:colcon.colcon_core.environment:checking '/root/ur_rtde/install/ur_rtde_receiver/lib/python3.10/site-packages'
[7.000s] Level 1:colcon.colcon_core.shell:create_environment_hook('ur_rtde_receiver', 'pythonpath')
[7.000s] INFO:colcon.colcon_core.shell:Creating environment hook '/root/ur_rtde/install/ur_rtde_receiver/share/ur_rtde_receiver/hook/pythonpath.ps1'
[7.000s] INFO:colcon.colcon_core.shell:Creating environment descriptor '/root/ur_rtde/install/ur_rtde_receiver/share/ur_rtde_receiver/hook/pythonpath.dsv'
[7.001s] INFO:colcon.colcon_core.shell:Creating environment hook '/root/ur_rtde/install/ur_rtde_receiver/share/ur_rtde_receiver/hook/pythonpath.sh'
[7.001s] Level 1:colcon.colcon_core.environment:checking '/root/ur_rtde/install/ur_rtde_receiver/bin'
[7.001s] Level 1:colcon.colcon_core.environment:create_environment_scripts_only(ur_rtde_receiver)
[7.003s] INFO:colcon.colcon_core.shell:Creating package script '/root/ur_rtde/install/ur_rtde_receiver/share/ur_rtde_receiver/package.ps1'
[7.005s] INFO:colcon.colcon_core.shell:Creating package descriptor '/root/ur_rtde/install/ur_rtde_receiver/share/ur_rtde_receiver/package.dsv'
[7.006s] INFO:colcon.colcon_core.shell:Creating package script '/root/ur_rtde/install/ur_rtde_receiver/share/ur_rtde_receiver/package.sh'
[7.007s] INFO:colcon.colcon_core.shell:Creating package script '/root/ur_rtde/install/ur_rtde_receiver/share/ur_rtde_receiver/package.bash'
[7.007s] INFO:colcon.colcon_core.shell:Creating package script '/root/ur_rtde/install/ur_rtde_receiver/share/ur_rtde_receiver/package.zsh'
[7.007s] Level 1:colcon.colcon_core.environment:create_file_with_runtime_dependencies(/root/ur_rtde/install/ur_rtde_receiver/share/colcon-core/packages/ur_rtde_receiver)
[7.009s] DEBUG:colcon.colcon_parallel_executor.executor.parallel:closing loop
[7.010s] DEBUG:colcon.colcon_parallel_executor.executor.parallel:loop closed
[7.010s] DEBUG:colcon.colcon_parallel_executor.executor.parallel:run_until_complete finished with '0'
[7.010s] DEBUG:colcon.colcon_core.event_reactor:joining thread
[7.015s] INFO:colcon.colcon_core.plugin_system:Skipping extension 'colcon_notification.desktop_notification.notify_send': Could not find 'notify-send'
[7.015s] INFO:colcon.colcon_core.plugin_system:Skipping extension 'colcon_notification.desktop_notification.terminal_notifier': Not used on non-Darwin systems
[7.015s] INFO:colcon.colcon_core.plugin_system:Skipping extension 'colcon_notification.desktop_notification.win32': Not used on non-Windows systems
[7.015s] INFO:colcon.colcon_notification.desktop_notification:Sending desktop notification using 'notify2'
[7.020s] DEBUG:colcon.colcon_notification.desktop_notification.notify2:Failed to initialize notify2: org.freedesktop.DBus.Error.ServiceUnknown: The name org.freedesktop.Notifications was not provided by any .service files
[7.020s] DEBUG:colcon.colcon_core.event_reactor:joined thread
[7.020s] INFO:colcon.colcon_core.shell:Creating prefix script '/root/ur_rtde/install/local_setup.ps1'
[7.021s] INFO:colcon.colcon_core.shell:Creating prefix util module '/root/ur_rtde/install/_local_setup_util_ps1.py'
[7.023s] INFO:colcon.colcon_core.shell:Creating prefix chain script '/root/ur_rtde/install/setup.ps1'
[7.024s] INFO:colcon.colcon_core.shell:Creating prefix script '/root/ur_rtde/install/local_setup.sh'
[7.024s] INFO:colcon.colcon_core.shell:Creating prefix util module '/root/ur_rtde/install/_local_setup_util_sh.py'
[7.025s] INFO:colcon.colcon_core.shell:Creating prefix chain script '/root/ur_rtde/install/setup.sh'
[7.026s] INFO:colcon.colcon_core.shell:Creating prefix script '/root/ur_rtde/install/local_setup.bash'
[7.026s] INFO:colcon.colcon_core.shell:Creating prefix chain script '/root/ur_rtde/install/setup.bash'
[7.027s] INFO:colcon.colcon_core.shell:Creating prefix script '/root/ur_rtde/install/local_setup.zsh'
[7.028s] INFO:colcon.colcon_core.shell:Creating prefix chain script '/root/ur_rtde/install/setup.zsh'
