-- The C compiler identification is GNU 11.4.0
-- The CXX compiler identification is GNU 11.4.0
-- Detecting C compiler ABI info
-- Detecting C compiler ABI info - done
-- Check for working C compiler: /usr/bin/cc - skipped
-- Detecting C compile features
-- Detecting C compile features - done
-- Detecting CXX compiler ABI info
-- Detecting CXX compiler ABI info - done
-- Check for working CXX compiler: /usr/bin/c++ - skipped
-- Detecting CXX compile features
-- Detecting CXX compile features - done
-- Found ament_cmake: 1.3.9 (/opt/ros/humble/share/ament_cmake/cmake)
-- Found Python3: /usr/bin/python3 (found version "3.10.12") found components: Interpreter 
-- Override CMake install command with custom implementation using symlinks instead of copying resources
-- Found rosidl_default_generators: 1.2.0 (/opt/ros/humble/share/rosidl_default_generators/cmake)
-- Using all available rosidl_typesupport_c: rosidl_typesupport_fastrtps_c;rosidl_typesupport_introspection_c
-- Found rosidl_adapter: 3.1.5 (/opt/ros/humble/share/rosidl_adapter/cmake)
-- Using all available rosidl_typesupport_cpp: rosidl_typesupport_fastrtps_cpp;rosidl_typesupport_introspection_cpp
-- Found ament_cmake_ros: 0.10.0 (/opt/ros/humble/share/ament_cmake_ros/cmake)
-- Using all available rosidl_typesupport_c: rosidl_typesupport_fastrtps_c;rosidl_typesupport_introspection_c
-- Using all available rosidl_typesupport_cpp: rosidl_typesupport_fastrtps_cpp;rosidl_typesupport_introspection_cpp
-- Found PythonInterp: /usr/bin/python3 (found suitable version "3.10.12", minimum required is "3.6") 
-- Found python_cmake_module: 0.10.0 (/opt/ros/humble/share/python_cmake_module/cmake)
-- Found PythonLibs: /usr/lib/x86_64-linux-gnu/libpython3.10.so (found suitable version "3.10.12", minimum required is "3.5") 
-- Using PYTHON_EXECUTABLE: /usr/bin/python3
-- Using PYTHON_INCLUDE_DIRS: /usr/include/python3.10
-- Using PYTHON_LIBRARIES: /usr/lib/x86_64-linux-gnu/libpython3.10.so
-- Found PythonExtra: .so  
-- Found ament_lint_auto: 0.12.11 (/opt/ros/humble/share/ament_lint_auto/cmake)
-- Added test 'lint_cmake' to check CMake code style
-- Added test 'xmllint' to check XML markup files
-- Configuring done
-- Generating done
-- Build files have been written to: /root/ur_rtde/build/rtde_interfaces
[  3%] [34m[1mGenerating C code for ROS interfaces[0m
[  6%] [34m[1mGenerating C++ code for ROS interfaces[0m
[  6%] Built target ament_cmake_python_symlink_rtde_interfaces
[  6%] Built target rtde_interfaces__cpp
running egg_info
[  9%] [34m[1mGenerating C++ type support dispatch for ROS interfaces[0m
creating rtde_interfaces.egg-info
[ 12%] [34m[1mGenerating C++ type support for eProsima Fast-RTPS[0m
writing rtde_interfaces.egg-info/PKG-INFO
writing dependency_links to rtde_interfaces.egg-info/dependency_links.txt
writing top-level names to rtde_interfaces.egg-info/top_level.txt
writing manifest file 'rtde_interfaces.egg-info/SOURCES.txt'
reading manifest file 'rtde_interfaces.egg-info/SOURCES.txt'
writing manifest file 'rtde_interfaces.egg-info/SOURCES.txt'
[ 16%] [34m[1mGenerating C++ introspection for ROS interfaces[0m
[ 16%] Built target ament_cmake_python_build_rtde_interfaces_egg
[ 19%] [32mBuilding C object CMakeFiles/rtde_interfaces__rosidl_generator_c.dir/rosidl_generator_c/rtde_interfaces/msg/detail/ur_rtde__functions.c.o[0m
[ 22%] [32m[1mLinking C shared library librtde_interfaces__rosidl_generator_c.so[0m
[ 22%] Built target rtde_interfaces__rosidl_generator_c
[ 25%] [34m[1mGenerating C introspection for ROS interfaces[0m
[ 29%] [34m[1mGenerating C type support for eProsima Fast-RTPS[0m
[ 32%] [34m[1mGenerating C type support dispatch for ROS interfaces[0m
[ 35%] [32mBuilding CXX object CMakeFiles/rtde_interfaces__rosidl_typesupport_cpp.dir/rosidl_typesupport_cpp/rtde_interfaces/msg/ur_rtde__type_support.cpp.o[0m
[ 38%] [32mBuilding CXX object CMakeFiles/rtde_interfaces__rosidl_typesupport_introspection_cpp.dir/rosidl_typesupport_introspection_cpp/rtde_interfaces/msg/detail/ur_rtde__type_support.cpp.o[0m
[ 41%] [32mBuilding CXX object CMakeFiles/rtde_interfaces__rosidl_typesupport_fastrtps_cpp.dir/rosidl_typesupport_fastrtps_cpp/rtde_interfaces/msg/detail/dds_fastrtps/ur_rtde__type_support.cpp.o[0m
[ 45%] [32m[1mLinking CXX shared library librtde_interfaces__rosidl_typesupport_cpp.so[0m
[ 48%] [32mBuilding CXX object CMakeFiles/rtde_interfaces__rosidl_typesupport_c.dir/rosidl_typesupport_c/rtde_interfaces/msg/ur_rtde__type_support.cpp.o[0m
[ 48%] Built target rtde_interfaces__rosidl_typesupport_cpp
[ 51%] [32m[1mLinking CXX shared library librtde_interfaces__rosidl_typesupport_c.so[0m
[ 54%] [32mBuilding CXX object CMakeFiles/rtde_interfaces__rosidl_typesupport_fastrtps_c.dir/rosidl_typesupport_fastrtps_c/rtde_interfaces/msg/detail/ur_rtde__type_support_c.cpp.o[0m
[ 58%] [32mBuilding C object CMakeFiles/rtde_interfaces__rosidl_typesupport_introspection_c.dir/rosidl_typesupport_introspection_c/rtde_interfaces/msg/detail/ur_rtde__type_support.c.o[0m
[ 58%] Built target rtde_interfaces__rosidl_typesupport_c
[ 61%] [32m[1mLinking C shared library librtde_interfaces__rosidl_typesupport_introspection_c.so[0m
[ 61%] Built target rtde_interfaces__rosidl_typesupport_introspection_c
[ 64%] [32m[1mLinking CXX shared library librtde_interfaces__rosidl_typesupport_fastrtps_c.so[0m
[ 67%] [32m[1mLinking CXX shared library librtde_interfaces__rosidl_typesupport_fastrtps_cpp.so[0m
[ 70%] [32m[1mLinking CXX shared library librtde_interfaces__rosidl_typesupport_introspection_cpp.so[0m
[ 70%] Built target rtde_interfaces__rosidl_typesupport_fastrtps_cpp
[ 70%] Built target rtde_interfaces__rosidl_typesupport_fastrtps_c
[ 70%] Built target rtde_interfaces__rosidl_typesupport_introspection_cpp
[ 70%] Built target rtde_interfaces
[ 74%] [34m[1mGenerating Python code for ROS interfaces[0m
[ 74%] Built target rtde_interfaces__py
[ 77%] [32mBuilding C object CMakeFiles/rtde_interfaces__rosidl_generator_py.dir/rosidl_generator_py/rtde_interfaces/msg/_ur_rtde_s.c.o[0m
[ 80%] [32m[1mLinking C shared library rosidl_generator_py/rtde_interfaces/librtde_interfaces__rosidl_generator_py.so[0m
[ 80%] Built target rtde_interfaces__rosidl_generator_py
[ 87%] [32mBuilding C object CMakeFiles/rtde_interfaces__rosidl_typesupport_fastrtps_c__pyext.dir/rosidl_generator_py/rtde_interfaces/_rtde_interfaces_s.ep.rosidl_typesupport_fastrtps_c.c.o[0m
[ 87%] [32mBuilding C object CMakeFiles/rtde_interfaces__rosidl_typesupport_c__pyext.dir/rosidl_generator_py/rtde_interfaces/_rtde_interfaces_s.ep.rosidl_typesupport_c.c.o[0m
[ 90%] [32mBuilding C object CMakeFiles/rtde_interfaces__rosidl_typesupport_introspection_c__pyext.dir/rosidl_generator_py/rtde_interfaces/_rtde_interfaces_s.ep.rosidl_typesupport_introspection_c.c.o[0m
[ 93%] [32m[1mLinking C shared library rosidl_generator_py/rtde_interfaces/rtde_interfaces_s__rosidl_typesupport_c.cpython-310-x86_64-linux-gnu.so[0m
[ 96%] [32m[1mLinking C shared library rosidl_generator_py/rtde_interfaces/rtde_interfaces_s__rosidl_typesupport_introspection_c.cpython-310-x86_64-linux-gnu.so[0m
[100%] [32m[1mLinking C shared library rosidl_generator_py/rtde_interfaces/rtde_interfaces_s__rosidl_typesupport_fastrtps_c.cpython-310-x86_64-linux-gnu.so[0m
[100%] Built target rtde_interfaces__rosidl_typesupport_c__pyext
[100%] Built target rtde_interfaces__rosidl_typesupport_introspection_c__pyext
[100%] Built target rtde_interfaces__rosidl_typesupport_fastrtps_c__pyext
-- Install configuration: ""
-- Execute custom install script
-- Symlinking: /root/ur_rtde/install/rtde_interfaces/share/ament_index/resource_index/rosidl_interfaces/rtde_interfaces
-- Symlinking: /root/ur_rtde/install/rtde_interfaces/include/rtde_interfaces/rtde_interfaces/msg/detail/ur_rtde__functions.h
-- Symlinking: /root/ur_rtde/install/rtde_interfaces/include/rtde_interfaces/rtde_interfaces/msg/detail/ur_rtde__struct.h
-- Symlinking: /root/ur_rtde/install/rtde_interfaces/include/rtde_interfaces/rtde_interfaces/msg/detail/ur_rtde__type_support.h
-- Symlinking: /root/ur_rtde/install/rtde_interfaces/include/rtde_interfaces/rtde_interfaces/msg/rosidl_generator_c__visibility_control.h
-- Symlinking: /root/ur_rtde/install/rtde_interfaces/include/rtde_interfaces/rtde_interfaces/msg/ur_rtde.h
-- Symlinking: /root/ur_rtde/install/rtde_interfaces/share/rtde_interfaces/environment/library_path.sh
-- Symlinking: /root/ur_rtde/install/rtde_interfaces/share/rtde_interfaces/environment/library_path.dsv
-- Symlinking: /root/ur_rtde/install/rtde_interfaces/include/rtde_interfaces/rtde_interfaces/msg/detail/ur_rtde__rosidl_typesupport_fastrtps_c.h
-- Symlinking: /root/ur_rtde/install/rtde_interfaces/include/rtde_interfaces/rtde_interfaces/msg/rosidl_typesupport_fastrtps_c__visibility_control.h
-- Symlinking: /root/ur_rtde/install/rtde_interfaces/include/rtde_interfaces/rtde_interfaces/msg/detail/ur_rtde__rosidl_typesupport_introspection_c.h
-- Symlinking: /root/ur_rtde/install/rtde_interfaces/include/rtde_interfaces/rtde_interfaces/msg/rosidl_typesupport_introspection_c__visibility_control.h
-- Symlinking: /root/ur_rtde/install/rtde_interfaces/include/rtde_interfaces/rtde_interfaces/msg/detail/ur_rtde__builder.hpp
-- Symlinking: /root/ur_rtde/install/rtde_interfaces/include/rtde_interfaces/rtde_interfaces/msg/detail/ur_rtde__struct.hpp
-- Symlinking: /root/ur_rtde/install/rtde_interfaces/include/rtde_interfaces/rtde_interfaces/msg/detail/ur_rtde__traits.hpp
-- Symlinking: /root/ur_rtde/install/rtde_interfaces/include/rtde_interfaces/rtde_interfaces/msg/ur_rtde.hpp
-- Symlinking: /root/ur_rtde/install/rtde_interfaces/include/rtde_interfaces/rtde_interfaces/msg/detail/ur_rtde__rosidl_typesupport_fastrtps_cpp.hpp
-- Symlinking: /root/ur_rtde/install/rtde_interfaces/include/rtde_interfaces/rtde_interfaces/msg/rosidl_typesupport_fastrtps_cpp__visibility_control.h
-- Symlinking: /root/ur_rtde/install/rtde_interfaces/include/rtde_interfaces/rtde_interfaces/msg/detail/ur_rtde__rosidl_typesupport_introspection_cpp.hpp
-- Symlinking: /root/ur_rtde/install/rtde_interfaces/share/rtde_interfaces/environment/pythonpath.sh
-- Symlinking: /root/ur_rtde/install/rtde_interfaces/share/rtde_interfaces/environment/pythonpath.dsv
-- Symlinking: /root/ur_rtde/install/rtde_interfaces/local/lib/python3.10/dist-packages/rtde_interfaces-0.0.0-py3.10.egg-info/PKG-INFO
-- Symlinking: /root/ur_rtde/install/rtde_interfaces/local/lib/python3.10/dist-packages/rtde_interfaces-0.0.0-py3.10.egg-info/SOURCES.txt
-- Symlinking: /root/ur_rtde/install/rtde_interfaces/local/lib/python3.10/dist-packages/rtde_interfaces-0.0.0-py3.10.egg-info/dependency_links.txt
-- Symlinking: /root/ur_rtde/install/rtde_interfaces/local/lib/python3.10/dist-packages/rtde_interfaces-0.0.0-py3.10.egg-info/top_level.txt
-- Symlinking: /root/ur_rtde/install/rtde_interfaces/local/lib/python3.10/dist-packages/rtde_interfaces/__init__.py
-- Symlinking: /root/ur_rtde/install/rtde_interfaces/local/lib/python3.10/dist-packages/rtde_interfaces/_rtde_interfaces_s.ep.rosidl_typesupport_c.c
-- Symlinking: /root/ur_rtde/install/rtde_interfaces/local/lib/python3.10/dist-packages/rtde_interfaces/_rtde_interfaces_s.ep.rosidl_typesupport_fastrtps_c.c
-- Symlinking: /root/ur_rtde/install/rtde_interfaces/local/lib/python3.10/dist-packages/rtde_interfaces/_rtde_interfaces_s.ep.rosidl_typesupport_introspection_c.c
-- Symlinking: /root/ur_rtde/install/rtde_interfaces/local/lib/python3.10/dist-packages/rtde_interfaces/librtde_interfaces__rosidl_generator_py.so
-- Symlinking: /root/ur_rtde/install/rtde_interfaces/local/lib/python3.10/dist-packages/rtde_interfaces/msg/__init__.py
-- Symlinking: /root/ur_rtde/install/rtde_interfaces/local/lib/python3.10/dist-packages/rtde_interfaces/msg/_ur_rtde.py
-- Symlinking: /root/ur_rtde/install/rtde_interfaces/local/lib/python3.10/dist-packages/rtde_interfaces/msg/_ur_rtde_s.c
-- Symlinking: /root/ur_rtde/install/rtde_interfaces/local/lib/python3.10/dist-packages/rtde_interfaces/rtde_interfaces_s__rosidl_typesupport_c.cpython-310-x86_64-linux-gnu.so
-- Symlinking: /root/ur_rtde/install/rtde_interfaces/local/lib/python3.10/dist-packages/rtde_interfaces/rtde_interfaces_s__rosidl_typesupport_fastrtps_c.cpython-310-x86_64-linux-gnu.so
-- Symlinking: /root/ur_rtde/install/rtde_interfaces/local/lib/python3.10/dist-packages/rtde_interfaces/rtde_interfaces_s__rosidl_typesupport_introspection_c.cpython-310-x86_64-linux-gnu.so
-- Up-to-date symlink: /root/ur_rtde/install/rtde_interfaces/local/lib/python3.10/dist-packages/rtde_interfaces/rtde_interfaces_s__rosidl_typesupport_fastrtps_c.cpython-310-x86_64-linux-gnu.so
-- Up-to-date symlink: /root/ur_rtde/install/rtde_interfaces/local/lib/python3.10/dist-packages/rtde_interfaces/rtde_interfaces_s__rosidl_typesupport_introspection_c.cpython-310-x86_64-linux-gnu.so
-- Up-to-date symlink: /root/ur_rtde/install/rtde_interfaces/local/lib/python3.10/dist-packages/rtde_interfaces/rtde_interfaces_s__rosidl_typesupport_c.cpython-310-x86_64-linux-gnu.so
-- Symlinking: /root/ur_rtde/install/rtde_interfaces/share/rtde_interfaces/msg/UrRtde.idl
-- Symlinking: /root/ur_rtde/install/rtde_interfaces/share/rtde_interfaces/msg/UrRtde.msg
-- Symlinking: /root/ur_rtde/install/rtde_interfaces/share/ament_index/resource_index/package_run_dependencies/rtde_interfaces
-- Symlinking: /root/ur_rtde/install/rtde_interfaces/share/ament_index/resource_index/parent_prefix_path/rtde_interfaces
-- Symlinking: /root/ur_rtde/install/rtde_interfaces/share/rtde_interfaces/environment/ament_prefix_path.sh
-- Symlinking: /root/ur_rtde/install/rtde_interfaces/share/rtde_interfaces/environment/ament_prefix_path.dsv
-- Symlinking: /root/ur_rtde/install/rtde_interfaces/share/rtde_interfaces/environment/path.sh
-- Symlinking: /root/ur_rtde/install/rtde_interfaces/share/rtde_interfaces/environment/path.dsv
-- Symlinking: /root/ur_rtde/install/rtde_interfaces/share/rtde_interfaces/local_setup.bash
-- Symlinking: /root/ur_rtde/install/rtde_interfaces/share/rtde_interfaces/local_setup.sh
-- Symlinking: /root/ur_rtde/install/rtde_interfaces/share/rtde_interfaces/local_setup.zsh
-- Symlinking: /root/ur_rtde/install/rtde_interfaces/share/rtde_interfaces/local_setup.dsv
-- Symlinking: /root/ur_rtde/install/rtde_interfaces/share/rtde_interfaces/package.dsv
-- Symlinking: /root/ur_rtde/install/rtde_interfaces/share/ament_index/resource_index/packages/rtde_interfaces
-- Symlinking: /root/ur_rtde/install/rtde_interfaces/share/rtde_interfaces/cmake/rosidl_cmake-extras.cmake
-- Symlinking: /root/ur_rtde/install/rtde_interfaces/share/rtde_interfaces/cmake/ament_cmake_export_include_directories-extras.cmake
-- Symlinking: /root/ur_rtde/install/rtde_interfaces/share/rtde_interfaces/cmake/ament_cmake_export_libraries-extras.cmake
-- Symlinking: /root/ur_rtde/install/rtde_interfaces/share/rtde_interfaces/cmake/ament_cmake_export_targets-extras.cmake
-- Symlinking: /root/ur_rtde/install/rtde_interfaces/share/rtde_interfaces/cmake/rosidl_cmake_export_typesupport_targets-extras.cmake
-- Symlinking: /root/ur_rtde/install/rtde_interfaces/share/rtde_interfaces/cmake/ament_cmake_export_dependencies-extras.cmake
-- Symlinking: /root/ur_rtde/install/rtde_interfaces/share/rtde_interfaces/cmake/rosidl_cmake_export_typesupport_libraries-extras.cmake
-- Symlinking: /root/ur_rtde/install/rtde_interfaces/share/rtde_interfaces/cmake/rtde_interfacesConfig.cmake
-- Symlinking: /root/ur_rtde/install/rtde_interfaces/share/rtde_interfaces/cmake/rtde_interfacesConfig-version.cmake
-- Symlinking: /root/ur_rtde/install/rtde_interfaces/share/rtde_interfaces/package.xml
-- Installing: /root/ur_rtde/install/rtde_interfaces/lib/librtde_interfaces__rosidl_generator_c.so
-- Set runtime path of "/root/ur_rtde/install/rtde_interfaces/lib/librtde_interfaces__rosidl_generator_c.so" to ""
-- Installing: /root/ur_rtde/install/rtde_interfaces/lib/librtde_interfaces__rosidl_typesupport_fastrtps_c.so
-- Set runtime path of "/root/ur_rtde/install/rtde_interfaces/lib/librtde_interfaces__rosidl_typesupport_fastrtps_c.so" to ""
-- Installing: /root/ur_rtde/install/rtde_interfaces/lib/librtde_interfaces__rosidl_typesupport_introspection_c.so
-- Set runtime path of "/root/ur_rtde/install/rtde_interfaces/lib/librtde_interfaces__rosidl_typesupport_introspection_c.so" to ""
-- Installing: /root/ur_rtde/install/rtde_interfaces/lib/librtde_interfaces__rosidl_typesupport_c.so
-- Set runtime path of "/root/ur_rtde/install/rtde_interfaces/lib/librtde_interfaces__rosidl_typesupport_c.so" to ""
-- Installing: /root/ur_rtde/install/rtde_interfaces/lib/librtde_interfaces__rosidl_typesupport_fastrtps_cpp.so
-- Set runtime path of "/root/ur_rtde/install/rtde_interfaces/lib/librtde_interfaces__rosidl_typesupport_fastrtps_cpp.so" to ""
-- Installing: /root/ur_rtde/install/rtde_interfaces/lib/librtde_interfaces__rosidl_typesupport_introspection_cpp.so
-- Set runtime path of "/root/ur_rtde/install/rtde_interfaces/lib/librtde_interfaces__rosidl_typesupport_introspection_cpp.so" to ""
-- Installing: /root/ur_rtde/install/rtde_interfaces/lib/librtde_interfaces__rosidl_typesupport_cpp.so
-- Set runtime path of "/root/ur_rtde/install/rtde_interfaces/lib/librtde_interfaces__rosidl_typesupport_cpp.so" to ""
Listing '/root/ur_rtde/install/rtde_interfaces/local/lib/python3.10/dist-packages/rtde_interfaces'...
Compiling '/root/ur_rtde/install/rtde_interfaces/local/lib/python3.10/dist-packages/rtde_interfaces/__init__.py'...
Listing '/root/ur_rtde/install/rtde_interfaces/local/lib/python3.10/dist-packages/rtde_interfaces/msg'...
Compiling '/root/ur_rtde/install/rtde_interfaces/local/lib/python3.10/dist-packages/rtde_interfaces/msg/__init__.py'...
Compiling '/root/ur_rtde/install/rtde_interfaces/local/lib/python3.10/dist-packages/rtde_interfaces/msg/_ur_rtde.py'...
-- Installing: /root/ur_rtde/install/rtde_interfaces/lib/librtde_interfaces__rosidl_generator_py.so
-- Set runtime path of "/root/ur_rtde/install/rtde_interfaces/lib/librtde_interfaces__rosidl_generator_py.so" to ""
-- Installing: /root/ur_rtde/install/rtde_interfaces/share/rtde_interfaces/cmake/export_rtde_interfaces__rosidl_generator_cExport.cmake
-- Installing: /root/ur_rtde/install/rtde_interfaces/share/rtde_interfaces/cmake/export_rtde_interfaces__rosidl_generator_cExport-noconfig.cmake
-- Installing: /root/ur_rtde/install/rtde_interfaces/share/rtde_interfaces/cmake/export_rtde_interfaces__rosidl_typesupport_fastrtps_cExport.cmake
-- Installing: /root/ur_rtde/install/rtde_interfaces/share/rtde_interfaces/cmake/export_rtde_interfaces__rosidl_typesupport_fastrtps_cExport-noconfig.cmake
-- Installing: /root/ur_rtde/install/rtde_interfaces/share/rtde_interfaces/cmake/rtde_interfaces__rosidl_typesupport_introspection_cExport.cmake
-- Installing: /root/ur_rtde/install/rtde_interfaces/share/rtde_interfaces/cmake/rtde_interfaces__rosidl_typesupport_introspection_cExport-noconfig.cmake
-- Installing: /root/ur_rtde/install/rtde_interfaces/share/rtde_interfaces/cmake/rtde_interfaces__rosidl_typesupport_cExport.cmake
-- Installing: /root/ur_rtde/install/rtde_interfaces/share/rtde_interfaces/cmake/rtde_interfaces__rosidl_typesupport_cExport-noconfig.cmake
-- Installing: /root/ur_rtde/install/rtde_interfaces/share/rtde_interfaces/cmake/export_rtde_interfaces__rosidl_generator_cppExport.cmake
-- Installing: /root/ur_rtde/install/rtde_interfaces/share/rtde_interfaces/cmake/export_rtde_interfaces__rosidl_typesupport_fastrtps_cppExport.cmake
-- Installing: /root/ur_rtde/install/rtde_interfaces/share/rtde_interfaces/cmake/export_rtde_interfaces__rosidl_typesupport_fastrtps_cppExport-noconfig.cmake
-- Installing: /root/ur_rtde/install/rtde_interfaces/share/rtde_interfaces/cmake/rtde_interfaces__rosidl_typesupport_introspection_cppExport.cmake
-- Installing: /root/ur_rtde/install/rtde_interfaces/share/rtde_interfaces/cmake/rtde_interfaces__rosidl_typesupport_introspection_cppExport-noconfig.cmake
-- Installing: /root/ur_rtde/install/rtde_interfaces/share/rtde_interfaces/cmake/rtde_interfaces__rosidl_typesupport_cppExport.cmake
-- Installing: /root/ur_rtde/install/rtde_interfaces/share/rtde_interfaces/cmake/rtde_interfaces__rosidl_typesupport_cppExport-noconfig.cmake
-- Installing: /root/ur_rtde/install/rtde_interfaces/share/rtde_interfaces/cmake/export_rtde_interfaces__rosidl_generator_pyExport.cmake
-- Installing: /root/ur_rtde/install/rtde_interfaces/share/rtde_interfaces/cmake/export_rtde_interfaces__rosidl_generator_pyExport-noconfig.cmake
