[0.005s] Invoking command in '/root/ur_rtde/build/rtde_interfaces': CMAKE_PREFIX_PATH=/opt/ros/humble /usr/bin/cmake /root/ur_rtde/src/rtde_interfaces -DAMENT_CMAKE_SYMLINK_INSTALL=1 -DCMAKE_INSTALL_PREFIX=/root/ur_rtde/install/rtde_interfaces
[0.055s] -- The C compiler identification is GNU 11.4.0
[0.107s] -- The CXX compiler identification is GNU 11.4.0
[0.113s] -- Detecting C compiler ABI info
[0.176s] -- Detecting C compiler ABI info - done
[0.183s] -- Check for working C compiler: /usr/bin/cc - skipped
[0.183s] -- Detecting C compile features
[0.184s] -- Detecting C compile features - done
[0.186s] -- Detecting CXX compiler ABI info
[0.274s] -- Detecting CXX compiler ABI info - done
[0.283s] -- Check for working CXX compiler: /usr/bin/c++ - skipped
[0.283s] -- Detecting CXX compile features
[0.283s] -- Detecting CXX compile features - done
[0.287s] -- Found ament_cmake: 1.3.9 (/opt/ros/humble/share/ament_cmake/cmake)
[0.434s] -- Found Python3: /usr/bin/python3 (found version "3.10.12") found components: Interpreter 
[0.515s] -- Override CMake install command with custom implementation using symlinks instead of copying resources
[0.540s] -- Found rosidl_default_generators: 1.2.0 (/opt/ros/humble/share/rosidl_default_generators/cmake)
[0.543s] -- Using all available rosidl_typesupport_c: rosidl_typesupport_fastrtps_c;rosidl_typesupport_introspection_c
[0.550s] -- Found rosidl_adapter: 3.1.5 (/opt/ros/humble/share/rosidl_adapter/cmake)
[0.597s] -- Using all available rosidl_typesupport_cpp: rosidl_typesupport_fastrtps_cpp;rosidl_typesupport_introspection_cpp
[0.891s] -- Found ament_cmake_ros: 0.10.0 (/opt/ros/humble/share/ament_cmake_ros/cmake)
[1.074s] -- Using all available rosidl_typesupport_c: rosidl_typesupport_fastrtps_c;rosidl_typesupport_introspection_c
[1.388s] -- Using all available rosidl_typesupport_cpp: rosidl_typesupport_fastrtps_cpp;rosidl_typesupport_introspection_cpp
[1.412s] -- Found PythonInterp: /usr/bin/python3 (found suitable version "3.10.12", minimum required is "3.6") 
[1.413s] -- Found python_cmake_module: 0.10.0 (/opt/ros/humble/share/python_cmake_module/cmake)
[1.439s] -- Found PythonLibs: /usr/lib/x86_64-linux-gnu/libpython3.10.so (found suitable version "3.10.12", minimum required is "3.5") 
[1.439s] -- Using PYTHON_EXECUTABLE: /usr/bin/python3
[1.439s] -- Using PYTHON_INCLUDE_DIRS: /usr/include/python3.10
[1.439s] -- Using PYTHON_LIBRARIES: /usr/lib/x86_64-linux-gnu/libpython3.10.so
[1.460s] -- Found PythonExtra: .so  
[1.498s] -- Found ament_lint_auto: 0.12.11 (/opt/ros/humble/share/ament_lint_auto/cmake)
[1.523s] -- Added test 'lint_cmake' to check CMake code style
[1.525s] -- Added test 'xmllint' to check XML markup files
[1.529s] -- Configuring done
[1.592s] -- Generating done
[1.596s] -- Build files have been written to: /root/ur_rtde/build/rtde_interfaces
[1.606s] Invoked command in '/root/ur_rtde/build/rtde_interfaces' returned '0': CMAKE_PREFIX_PATH=/opt/ros/humble /usr/bin/cmake /root/ur_rtde/src/rtde_interfaces -DAMENT_CMAKE_SYMLINK_INSTALL=1 -DCMAKE_INSTALL_PREFIX=/root/ur_rtde/install/rtde_interfaces
[1.608s] Invoking command in '/root/ur_rtde/build/rtde_interfaces': CMAKE_PREFIX_PATH=/opt/ros/humble /usr/bin/cmake --build /root/ur_rtde/build/rtde_interfaces -- -j6 -l6
[1.652s] [  3%] [34m[1mGenerating C code for ROS interfaces[0m
[1.660s] [  6%] [34m[1mGenerating C++ code for ROS interfaces[0m
[1.674s] [  6%] Built target ament_cmake_python_symlink_rtde_interfaces
[2.023s] [  6%] Built target rtde_interfaces__cpp
[2.032s] running egg_info
[2.033s] [  9%] [34m[1mGenerating C++ type support dispatch for ROS interfaces[0m
[2.033s] creating rtde_interfaces.egg-info
[2.033s] [ 12%] [34m[1mGenerating C++ type support for eProsima Fast-RTPS[0m
[2.034s] writing rtde_interfaces.egg-info/PKG-INFO
[2.034s] writing dependency_links to rtde_interfaces.egg-info/dependency_links.txt
[2.034s] writing top-level names to rtde_interfaces.egg-info/top_level.txt
[2.035s] writing manifest file 'rtde_interfaces.egg-info/SOURCES.txt'
[2.038s] reading manifest file 'rtde_interfaces.egg-info/SOURCES.txt'
[2.039s] writing manifest file 'rtde_interfaces.egg-info/SOURCES.txt'
[2.044s] [ 16%] [34m[1mGenerating C++ introspection for ROS interfaces[0m
[2.078s] [ 16%] Built target ament_cmake_python_build_rtde_interfaces_egg
[2.127s] [ 19%] [32mBuilding C object CMakeFiles/rtde_interfaces__rosidl_generator_c.dir/rosidl_generator_c/rtde_interfaces/msg/detail/ur_rtde__functions.c.o[0m
[2.200s] [ 22%] [32m[1mLinking C shared library librtde_interfaces__rosidl_generator_c.so[0m
[2.248s] [ 22%] Built target rtde_interfaces__rosidl_generator_c
[2.260s] [ 25%] [34m[1mGenerating C introspection for ROS interfaces[0m
[2.282s] [ 29%] [34m[1mGenerating C type support for eProsima Fast-RTPS[0m
[2.290s] [ 32%] [34m[1mGenerating C type support dispatch for ROS interfaces[0m
[2.352s] [ 35%] [32mBuilding CXX object CMakeFiles/rtde_interfaces__rosidl_typesupport_cpp.dir/rosidl_typesupport_cpp/rtde_interfaces/msg/ur_rtde__type_support.cpp.o[0m
[2.583s] [ 38%] [32mBuilding CXX object CMakeFiles/rtde_interfaces__rosidl_typesupport_introspection_cpp.dir/rosidl_typesupport_introspection_cpp/rtde_interfaces/msg/detail/ur_rtde__type_support.cpp.o[0m
[2.597s] [ 41%] [32mBuilding CXX object CMakeFiles/rtde_interfaces__rosidl_typesupport_fastrtps_cpp.dir/rosidl_typesupport_fastrtps_cpp/rtde_interfaces/msg/detail/dds_fastrtps/ur_rtde__type_support.cpp.o[0m
[2.727s] [ 45%] [32m[1mLinking CXX shared library librtde_interfaces__rosidl_typesupport_cpp.so[0m
[2.741s] [ 48%] [32mBuilding CXX object CMakeFiles/rtde_interfaces__rosidl_typesupport_c.dir/rosidl_typesupport_c/rtde_interfaces/msg/ur_rtde__type_support.cpp.o[0m
[2.827s] [ 48%] Built target rtde_interfaces__rosidl_typesupport_cpp
[2.830s] [ 51%] [32m[1mLinking CXX shared library librtde_interfaces__rosidl_typesupport_c.so[0m
[2.861s] [ 54%] [32mBuilding CXX object CMakeFiles/rtde_interfaces__rosidl_typesupport_fastrtps_c.dir/rosidl_typesupport_fastrtps_c/rtde_interfaces/msg/detail/ur_rtde__type_support_c.cpp.o[0m
[2.881s] [ 58%] [32mBuilding C object CMakeFiles/rtde_interfaces__rosidl_typesupport_introspection_c.dir/rosidl_typesupport_introspection_c/rtde_interfaces/msg/detail/ur_rtde__type_support.c.o[0m
[2.911s] [ 58%] Built target rtde_interfaces__rosidl_typesupport_c
[3.030s] [ 61%] [32m[1mLinking C shared library librtde_interfaces__rosidl_typesupport_introspection_c.so[0m
[3.087s] [ 61%] Built target rtde_interfaces__rosidl_typesupport_introspection_c
[3.275s] [ 64%] [32m[1mLinking CXX shared library librtde_interfaces__rosidl_typesupport_fastrtps_c.so[0m
[3.280s] [ 67%] [32m[1mLinking CXX shared library librtde_interfaces__rosidl_typesupport_fastrtps_cpp.so[0m
[3.282s] [ 70%] [32m[1mLinking CXX shared library librtde_interfaces__rosidl_typesupport_introspection_cpp.so[0m
[3.399s] [ 70%] Built target rtde_interfaces__rosidl_typesupport_fastrtps_cpp
[3.402s] [ 70%] Built target rtde_interfaces__rosidl_typesupport_fastrtps_c
[3.409s] [ 70%] Built target rtde_interfaces__rosidl_typesupport_introspection_cpp
[3.430s] [ 70%] Built target rtde_interfaces
[3.451s] [ 74%] [34m[1mGenerating Python code for ROS interfaces[0m
[3.981s] [ 74%] Built target rtde_interfaces__py
[4.000s] [ 77%] [32mBuilding C object CMakeFiles/rtde_interfaces__rosidl_generator_py.dir/rosidl_generator_py/rtde_interfaces/msg/_ur_rtde_s.c.o[0m
[4.167s] [ 80%] [32m[1mLinking C shared library rosidl_generator_py/rtde_interfaces/librtde_interfaces__rosidl_generator_py.so[0m
[4.205s] [ 80%] Built target rtde_interfaces__rosidl_generator_py
[4.223s] [ 87%] [32mBuilding C object CMakeFiles/rtde_interfaces__rosidl_typesupport_fastrtps_c__pyext.dir/rosidl_generator_py/rtde_interfaces/_rtde_interfaces_s.ep.rosidl_typesupport_fastrtps_c.c.o[0m
[4.224s] [ 87%] [32mBuilding C object CMakeFiles/rtde_interfaces__rosidl_typesupport_c__pyext.dir/rosidl_generator_py/rtde_interfaces/_rtde_interfaces_s.ep.rosidl_typesupport_c.c.o[0m
[4.224s] [ 90%] [32mBuilding C object CMakeFiles/rtde_interfaces__rosidl_typesupport_introspection_c__pyext.dir/rosidl_generator_py/rtde_interfaces/_rtde_interfaces_s.ep.rosidl_typesupport_introspection_c.c.o[0m
[4.322s] [ 93%] [32m[1mLinking C shared library rosidl_generator_py/rtde_interfaces/rtde_interfaces_s__rosidl_typesupport_c.cpython-310-x86_64-linux-gnu.so[0m
[4.326s] [ 96%] [32m[1mLinking C shared library rosidl_generator_py/rtde_interfaces/rtde_interfaces_s__rosidl_typesupport_introspection_c.cpython-310-x86_64-linux-gnu.so[0m
[4.331s] [100%] [32m[1mLinking C shared library rosidl_generator_py/rtde_interfaces/rtde_interfaces_s__rosidl_typesupport_fastrtps_c.cpython-310-x86_64-linux-gnu.so[0m
[4.359s] [100%] Built target rtde_interfaces__rosidl_typesupport_c__pyext
[4.374s] [100%] Built target rtde_interfaces__rosidl_typesupport_introspection_c__pyext
[4.381s] [100%] Built target rtde_interfaces__rosidl_typesupport_fastrtps_c__pyext
[4.393s] Invoked command in '/root/ur_rtde/build/rtde_interfaces' returned '0': CMAKE_PREFIX_PATH=/opt/ros/humble /usr/bin/cmake --build /root/ur_rtde/build/rtde_interfaces -- -j6 -l6
[4.461s] Invoking command in '/root/ur_rtde/build/rtde_interfaces': CMAKE_PREFIX_PATH=/opt/ros/humble /usr/bin/cmake --install /root/ur_rtde/build/rtde_interfaces
[4.467s] -- Install configuration: ""
[4.468s] -- Execute custom install script
[4.469s] -- Symlinking: /root/ur_rtde/install/rtde_interfaces/share/ament_index/resource_index/rosidl_interfaces/rtde_interfaces
[4.478s] -- Symlinking: /root/ur_rtde/install/rtde_interfaces/include/rtde_interfaces/rtde_interfaces/msg/detail/ur_rtde__functions.h
[4.486s] -- Symlinking: /root/ur_rtde/install/rtde_interfaces/include/rtde_interfaces/rtde_interfaces/msg/detail/ur_rtde__struct.h
[4.495s] -- Symlinking: /root/ur_rtde/install/rtde_interfaces/include/rtde_interfaces/rtde_interfaces/msg/detail/ur_rtde__type_support.h
[4.502s] -- Symlinking: /root/ur_rtde/install/rtde_interfaces/include/rtde_interfaces/rtde_interfaces/msg/rosidl_generator_c__visibility_control.h
[4.510s] -- Symlinking: /root/ur_rtde/install/rtde_interfaces/include/rtde_interfaces/rtde_interfaces/msg/ur_rtde.h
[4.519s] -- Symlinking: /root/ur_rtde/install/rtde_interfaces/share/rtde_interfaces/environment/library_path.sh
[4.527s] -- Symlinking: /root/ur_rtde/install/rtde_interfaces/share/rtde_interfaces/environment/library_path.dsv
[4.535s] -- Symlinking: /root/ur_rtde/install/rtde_interfaces/include/rtde_interfaces/rtde_interfaces/msg/detail/ur_rtde__rosidl_typesupport_fastrtps_c.h
[4.544s] -- Symlinking: /root/ur_rtde/install/rtde_interfaces/include/rtde_interfaces/rtde_interfaces/msg/rosidl_typesupport_fastrtps_c__visibility_control.h
[4.552s] -- Symlinking: /root/ur_rtde/install/rtde_interfaces/include/rtde_interfaces/rtde_interfaces/msg/detail/ur_rtde__rosidl_typesupport_introspection_c.h
[4.560s] -- Symlinking: /root/ur_rtde/install/rtde_interfaces/include/rtde_interfaces/rtde_interfaces/msg/rosidl_typesupport_introspection_c__visibility_control.h
[4.569s] -- Symlinking: /root/ur_rtde/install/rtde_interfaces/include/rtde_interfaces/rtde_interfaces/msg/detail/ur_rtde__builder.hpp
[4.579s] -- Symlinking: /root/ur_rtde/install/rtde_interfaces/include/rtde_interfaces/rtde_interfaces/msg/detail/ur_rtde__struct.hpp
[4.588s] -- Symlinking: /root/ur_rtde/install/rtde_interfaces/include/rtde_interfaces/rtde_interfaces/msg/detail/ur_rtde__traits.hpp
[4.601s] -- Symlinking: /root/ur_rtde/install/rtde_interfaces/include/rtde_interfaces/rtde_interfaces/msg/ur_rtde.hpp
[4.606s] -- Symlinking: /root/ur_rtde/install/rtde_interfaces/include/rtde_interfaces/rtde_interfaces/msg/detail/ur_rtde__rosidl_typesupport_fastrtps_cpp.hpp
[4.619s] -- Symlinking: /root/ur_rtde/install/rtde_interfaces/include/rtde_interfaces/rtde_interfaces/msg/rosidl_typesupport_fastrtps_cpp__visibility_control.h
[4.628s] -- Symlinking: /root/ur_rtde/install/rtde_interfaces/include/rtde_interfaces/rtde_interfaces/msg/detail/ur_rtde__rosidl_typesupport_introspection_cpp.hpp
[4.637s] -- Symlinking: /root/ur_rtde/install/rtde_interfaces/share/rtde_interfaces/environment/pythonpath.sh
[4.645s] -- Symlinking: /root/ur_rtde/install/rtde_interfaces/share/rtde_interfaces/environment/pythonpath.dsv
[4.654s] -- Symlinking: /root/ur_rtde/install/rtde_interfaces/local/lib/python3.10/dist-packages/rtde_interfaces-0.0.0-py3.10.egg-info/PKG-INFO
[4.662s] -- Symlinking: /root/ur_rtde/install/rtde_interfaces/local/lib/python3.10/dist-packages/rtde_interfaces-0.0.0-py3.10.egg-info/SOURCES.txt
[4.670s] -- Symlinking: /root/ur_rtde/install/rtde_interfaces/local/lib/python3.10/dist-packages/rtde_interfaces-0.0.0-py3.10.egg-info/dependency_links.txt
[4.681s] -- Symlinking: /root/ur_rtde/install/rtde_interfaces/local/lib/python3.10/dist-packages/rtde_interfaces-0.0.0-py3.10.egg-info/top_level.txt
[4.690s] -- Symlinking: /root/ur_rtde/install/rtde_interfaces/local/lib/python3.10/dist-packages/rtde_interfaces/__init__.py
[4.698s] -- Symlinking: /root/ur_rtde/install/rtde_interfaces/local/lib/python3.10/dist-packages/rtde_interfaces/_rtde_interfaces_s.ep.rosidl_typesupport_c.c
[4.706s] -- Symlinking: /root/ur_rtde/install/rtde_interfaces/local/lib/python3.10/dist-packages/rtde_interfaces/_rtde_interfaces_s.ep.rosidl_typesupport_fastrtps_c.c
[4.714s] -- Symlinking: /root/ur_rtde/install/rtde_interfaces/local/lib/python3.10/dist-packages/rtde_interfaces/_rtde_interfaces_s.ep.rosidl_typesupport_introspection_c.c
[4.721s] -- Symlinking: /root/ur_rtde/install/rtde_interfaces/local/lib/python3.10/dist-packages/rtde_interfaces/librtde_interfaces__rosidl_generator_py.so
[4.731s] -- Symlinking: /root/ur_rtde/install/rtde_interfaces/local/lib/python3.10/dist-packages/rtde_interfaces/msg/__init__.py
[4.739s] -- Symlinking: /root/ur_rtde/install/rtde_interfaces/local/lib/python3.10/dist-packages/rtde_interfaces/msg/_ur_rtde.py
[4.747s] -- Symlinking: /root/ur_rtde/install/rtde_interfaces/local/lib/python3.10/dist-packages/rtde_interfaces/msg/_ur_rtde_s.c
[4.755s] -- Symlinking: /root/ur_rtde/install/rtde_interfaces/local/lib/python3.10/dist-packages/rtde_interfaces/rtde_interfaces_s__rosidl_typesupport_c.cpython-310-x86_64-linux-gnu.so
[4.763s] -- Symlinking: /root/ur_rtde/install/rtde_interfaces/local/lib/python3.10/dist-packages/rtde_interfaces/rtde_interfaces_s__rosidl_typesupport_fastrtps_c.cpython-310-x86_64-linux-gnu.so
[4.771s] -- Symlinking: /root/ur_rtde/install/rtde_interfaces/local/lib/python3.10/dist-packages/rtde_interfaces/rtde_interfaces_s__rosidl_typesupport_introspection_c.cpython-310-x86_64-linux-gnu.so
[4.779s] -- Up-to-date symlink: /root/ur_rtde/install/rtde_interfaces/local/lib/python3.10/dist-packages/rtde_interfaces/rtde_interfaces_s__rosidl_typesupport_fastrtps_c.cpython-310-x86_64-linux-gnu.so
[4.780s] -- Up-to-date symlink: /root/ur_rtde/install/rtde_interfaces/local/lib/python3.10/dist-packages/rtde_interfaces/rtde_interfaces_s__rosidl_typesupport_introspection_c.cpython-310-x86_64-linux-gnu.so
[4.780s] -- Up-to-date symlink: /root/ur_rtde/install/rtde_interfaces/local/lib/python3.10/dist-packages/rtde_interfaces/rtde_interfaces_s__rosidl_typesupport_c.cpython-310-x86_64-linux-gnu.so
[4.781s] -- Symlinking: /root/ur_rtde/install/rtde_interfaces/share/rtde_interfaces/msg/UrRtde.idl
[4.790s] -- Symlinking: /root/ur_rtde/install/rtde_interfaces/share/rtde_interfaces/msg/UrRtde.msg
[4.798s] -- Symlinking: /root/ur_rtde/install/rtde_interfaces/share/ament_index/resource_index/package_run_dependencies/rtde_interfaces
[4.806s] -- Symlinking: /root/ur_rtde/install/rtde_interfaces/share/ament_index/resource_index/parent_prefix_path/rtde_interfaces
[4.814s] -- Symlinking: /root/ur_rtde/install/rtde_interfaces/share/rtde_interfaces/environment/ament_prefix_path.sh
[4.822s] -- Symlinking: /root/ur_rtde/install/rtde_interfaces/share/rtde_interfaces/environment/ament_prefix_path.dsv
[4.830s] -- Symlinking: /root/ur_rtde/install/rtde_interfaces/share/rtde_interfaces/environment/path.sh
[4.840s] -- Symlinking: /root/ur_rtde/install/rtde_interfaces/share/rtde_interfaces/environment/path.dsv
[4.848s] -- Symlinking: /root/ur_rtde/install/rtde_interfaces/share/rtde_interfaces/local_setup.bash
[4.859s] -- Symlinking: /root/ur_rtde/install/rtde_interfaces/share/rtde_interfaces/local_setup.sh
[4.864s] -- Symlinking: /root/ur_rtde/install/rtde_interfaces/share/rtde_interfaces/local_setup.zsh
[4.872s] -- Symlinking: /root/ur_rtde/install/rtde_interfaces/share/rtde_interfaces/local_setup.dsv
[4.880s] -- Symlinking: /root/ur_rtde/install/rtde_interfaces/share/rtde_interfaces/package.dsv
[4.888s] -- Symlinking: /root/ur_rtde/install/rtde_interfaces/share/ament_index/resource_index/packages/rtde_interfaces
[4.897s] -- Symlinking: /root/ur_rtde/install/rtde_interfaces/share/rtde_interfaces/cmake/rosidl_cmake-extras.cmake
[4.905s] -- Symlinking: /root/ur_rtde/install/rtde_interfaces/share/rtde_interfaces/cmake/ament_cmake_export_include_directories-extras.cmake
[4.913s] -- Symlinking: /root/ur_rtde/install/rtde_interfaces/share/rtde_interfaces/cmake/ament_cmake_export_libraries-extras.cmake
[4.921s] -- Symlinking: /root/ur_rtde/install/rtde_interfaces/share/rtde_interfaces/cmake/ament_cmake_export_targets-extras.cmake
[4.929s] -- Symlinking: /root/ur_rtde/install/rtde_interfaces/share/rtde_interfaces/cmake/rosidl_cmake_export_typesupport_targets-extras.cmake
[4.937s] -- Symlinking: /root/ur_rtde/install/rtde_interfaces/share/rtde_interfaces/cmake/ament_cmake_export_dependencies-extras.cmake
[4.946s] -- Symlinking: /root/ur_rtde/install/rtde_interfaces/share/rtde_interfaces/cmake/rosidl_cmake_export_typesupport_libraries-extras.cmake
[4.955s] -- Symlinking: /root/ur_rtde/install/rtde_interfaces/share/rtde_interfaces/cmake/rtde_interfacesConfig.cmake
[4.963s] -- Symlinking: /root/ur_rtde/install/rtde_interfaces/share/rtde_interfaces/cmake/rtde_interfacesConfig-version.cmake
[4.970s] -- Symlinking: /root/ur_rtde/install/rtde_interfaces/share/rtde_interfaces/package.xml
[4.979s] -- Installing: /root/ur_rtde/install/rtde_interfaces/lib/librtde_interfaces__rosidl_generator_c.so
[4.979s] -- Set runtime path of "/root/ur_rtde/install/rtde_interfaces/lib/librtde_interfaces__rosidl_generator_c.so" to ""
[4.980s] -- Installing: /root/ur_rtde/install/rtde_interfaces/lib/librtde_interfaces__rosidl_typesupport_fastrtps_c.so
[4.980s] -- Set runtime path of "/root/ur_rtde/install/rtde_interfaces/lib/librtde_interfaces__rosidl_typesupport_fastrtps_c.so" to ""
[4.980s] -- Installing: /root/ur_rtde/install/rtde_interfaces/lib/librtde_interfaces__rosidl_typesupport_introspection_c.so
[4.980s] -- Set runtime path of "/root/ur_rtde/install/rtde_interfaces/lib/librtde_interfaces__rosidl_typesupport_introspection_c.so" to ""
[4.980s] -- Installing: /root/ur_rtde/install/rtde_interfaces/lib/librtde_interfaces__rosidl_typesupport_c.so
[4.981s] -- Set runtime path of "/root/ur_rtde/install/rtde_interfaces/lib/librtde_interfaces__rosidl_typesupport_c.so" to ""
[4.981s] -- Installing: /root/ur_rtde/install/rtde_interfaces/lib/librtde_interfaces__rosidl_typesupport_fastrtps_cpp.so
[4.981s] -- Set runtime path of "/root/ur_rtde/install/rtde_interfaces/lib/librtde_interfaces__rosidl_typesupport_fastrtps_cpp.so" to ""
[4.981s] -- Installing: /root/ur_rtde/install/rtde_interfaces/lib/librtde_interfaces__rosidl_typesupport_introspection_cpp.so
[4.982s] -- Set runtime path of "/root/ur_rtde/install/rtde_interfaces/lib/librtde_interfaces__rosidl_typesupport_introspection_cpp.so" to ""
[4.982s] -- Installing: /root/ur_rtde/install/rtde_interfaces/lib/librtde_interfaces__rosidl_typesupport_cpp.so
[4.982s] -- Set runtime path of "/root/ur_rtde/install/rtde_interfaces/lib/librtde_interfaces__rosidl_typesupport_cpp.so" to ""
[5.020s] Listing '/root/ur_rtde/install/rtde_interfaces/local/lib/python3.10/dist-packages/rtde_interfaces'...
[5.020s] Compiling '/root/ur_rtde/install/rtde_interfaces/local/lib/python3.10/dist-packages/rtde_interfaces/__init__.py'...
[5.020s] Listing '/root/ur_rtde/install/rtde_interfaces/local/lib/python3.10/dist-packages/rtde_interfaces/msg'...
[5.020s] Compiling '/root/ur_rtde/install/rtde_interfaces/local/lib/python3.10/dist-packages/rtde_interfaces/msg/__init__.py'...
[5.020s] Compiling '/root/ur_rtde/install/rtde_interfaces/local/lib/python3.10/dist-packages/rtde_interfaces/msg/_ur_rtde.py'...
[5.024s] -- Installing: /root/ur_rtde/install/rtde_interfaces/lib/librtde_interfaces__rosidl_generator_py.so
[5.025s] -- Set runtime path of "/root/ur_rtde/install/rtde_interfaces/lib/librtde_interfaces__rosidl_generator_py.so" to ""
[5.025s] -- Installing: /root/ur_rtde/install/rtde_interfaces/share/rtde_interfaces/cmake/export_rtde_interfaces__rosidl_generator_cExport.cmake
[5.028s] -- Installing: /root/ur_rtde/install/rtde_interfaces/share/rtde_interfaces/cmake/export_rtde_interfaces__rosidl_generator_cExport-noconfig.cmake
[5.028s] -- Installing: /root/ur_rtde/install/rtde_interfaces/share/rtde_interfaces/cmake/export_rtde_interfaces__rosidl_typesupport_fastrtps_cExport.cmake
[5.028s] -- Installing: /root/ur_rtde/install/rtde_interfaces/share/rtde_interfaces/cmake/export_rtde_interfaces__rosidl_typesupport_fastrtps_cExport-noconfig.cmake
[5.028s] -- Installing: /root/ur_rtde/install/rtde_interfaces/share/rtde_interfaces/cmake/rtde_interfaces__rosidl_typesupport_introspection_cExport.cmake
[5.028s] -- Installing: /root/ur_rtde/install/rtde_interfaces/share/rtde_interfaces/cmake/rtde_interfaces__rosidl_typesupport_introspection_cExport-noconfig.cmake
[5.028s] -- Installing: /root/ur_rtde/install/rtde_interfaces/share/rtde_interfaces/cmake/rtde_interfaces__rosidl_typesupport_cExport.cmake
[5.029s] -- Installing: /root/ur_rtde/install/rtde_interfaces/share/rtde_interfaces/cmake/rtde_interfaces__rosidl_typesupport_cExport-noconfig.cmake
[5.029s] -- Installing: /root/ur_rtde/install/rtde_interfaces/share/rtde_interfaces/cmake/export_rtde_interfaces__rosidl_generator_cppExport.cmake
[5.029s] -- Installing: /root/ur_rtde/install/rtde_interfaces/share/rtde_interfaces/cmake/export_rtde_interfaces__rosidl_typesupport_fastrtps_cppExport.cmake
[5.029s] -- Installing: /root/ur_rtde/install/rtde_interfaces/share/rtde_interfaces/cmake/export_rtde_interfaces__rosidl_typesupport_fastrtps_cppExport-noconfig.cmake
[5.029s] -- Installing: /root/ur_rtde/install/rtde_interfaces/share/rtde_interfaces/cmake/rtde_interfaces__rosidl_typesupport_introspection_cppExport.cmake
[5.029s] -- Installing: /root/ur_rtde/install/rtde_interfaces/share/rtde_interfaces/cmake/rtde_interfaces__rosidl_typesupport_introspection_cppExport-noconfig.cmake
[5.029s] -- Installing: /root/ur_rtde/install/rtde_interfaces/share/rtde_interfaces/cmake/rtde_interfaces__rosidl_typesupport_cppExport.cmake
[5.029s] -- Installing: /root/ur_rtde/install/rtde_interfaces/share/rtde_interfaces/cmake/rtde_interfaces__rosidl_typesupport_cppExport-noconfig.cmake
[5.029s] -- Installing: /root/ur_rtde/install/rtde_interfaces/share/rtde_interfaces/cmake/export_rtde_interfaces__rosidl_generator_pyExport.cmake
[5.029s] -- Installing: /root/ur_rtde/install/rtde_interfaces/share/rtde_interfaces/cmake/export_rtde_interfaces__rosidl_generator_pyExport-noconfig.cmake
[5.047s] Invoked command in '/root/ur_rtde/build/rtde_interfaces' returned '0': CMAKE_PREFIX_PATH=/opt/ros/humble /usr/bin/cmake --install /root/ur_rtde/build/rtde_interfaces
